2020-09-23 17:29:30,332 ERROR __main__ 'NoneType' object has no attribute 'append', filepath=F:\pycharm_projects\DiskScraper\categories_fallback.py
2020-09-23 17:29:30,336 ERROR __main__ 'NoneType' object has no attribute 'append', filepath=F:\pycharm_projects\DiskScraper\config.txt
2020-09-23 17:29:30,339 ERROR __main__ 'NoneType' object has no attribute 'append', filepath=F:\pycharm_projects\DiskScraper\DiskScraper_windows.exe
2020-09-23 17:29:30,341 ERROR __main__ 'NoneType' object has no attribute 'append', filepath=F:\pycharm_projects\DiskScraper\DiskScraper_windows.py
2020-09-23 17:29:30,343 ERROR __main__ 'NoneType' object has no attribute 'append', filepath=F:\pycharm_projects\DiskScraper\error.log
2020-09-23 17:29:30,344 ERROR __main__ 'NoneType' object has no attribute 'append', filepath=F:\pycharm_projects\DiskScraper\metadata_categories.txt
2020-09-23 17:29:30,346 ERROR __main__ 'NoneType' object has no attribute 'append', filepath=F:\pycharm_projects\DiskScraper\metadata_categories_all.txt
2020-09-23 17:29:30,347 ERROR __main__ 'NoneType' object has no attribute 'append', filepath=F:\pycharm_projects\DiskScraper\notes.txt
2020-09-23 17:29:30,351 ERROR __main__ 'NoneType' object has no attribute 'append', filepath=F:\pycharm_projects\DiskScraper\README.md
2020-09-23 17:29:30,352 ERROR __main__ 'NoneType' object has no attribute 'append', filepath=F:\pycharm_projects\DiskScraper\split_csv.py
2020-09-23 17:29:30,354 ERROR __main__ 'NoneType' object has no attribute 'append', filepath=F:\pycharm_projects\DiskScraper\.git\COMMIT_EDITMSG
2020-09-23 17:29:30,355 ERROR __main__ 'NoneType' object has no attribute 'append', filepath=F:\pycharm_projects\DiskScraper\.git\config
2020-09-23 17:29:30,356 ERROR __main__ 'NoneType' object has no attribute 'append', filepath=F:\pycharm_projects\DiskScraper\.git\description
2020-09-23 17:29:30,357 ERROR __main__ 'NoneType' object has no attribute 'append', filepath=F:\pycharm_projects\DiskScraper\.git\FETCH_HEAD
2020-09-23 17:29:30,359 ERROR __main__ 'NoneType' object has no attribute 'append', filepath=F:\pycharm_projects\DiskScraper\.git\HEAD
2020-09-23 17:29:30,360 ERROR __main__ 'NoneType' object has no attribute 'append', filepath=F:\pycharm_projects\DiskScraper\.git\index
2020-09-23 17:29:30,362 ERROR __main__ 'NoneType' object has no attribute 'append', filepath=F:\pycharm_projects\DiskScraper\.git\packed-refs
2020-09-23 17:29:30,365 ERROR __main__ 'NoneType' object has no attribute 'append', filepath=F:\pycharm_projects\DiskScraper\.git\hooks\applypatch-msg.sample
2020-09-23 17:29:30,367 ERROR __main__ 'NoneType' object has no attribute 'append', filepath=F:\pycharm_projects\DiskScraper\.git\hooks\commit-msg.sample
2020-09-23 17:29:30,369 ERROR __main__ 'NoneType' object has no attribute 'append', filepath=F:\pycharm_projects\DiskScraper\.git\hooks\fsmonitor-watchman.sample
2020-09-23 17:29:30,370 ERROR __main__ 'NoneType' object has no attribute 'append', filepath=F:\pycharm_projects\DiskScraper\.git\hooks\post-update.sample
2020-09-23 17:29:30,371 ERROR __main__ 'NoneType' object has no attribute 'append', filepath=F:\pycharm_projects\DiskScraper\.git\hooks\pre-applypatch.sample
2020-09-23 17:29:30,373 ERROR __main__ 'NoneType' object has no attribute 'append', filepath=F:\pycharm_projects\DiskScraper\.git\hooks\pre-commit.sample
2020-09-23 17:29:30,374 ERROR __main__ 'NoneType' object has no attribute 'append', filepath=F:\pycharm_projects\DiskScraper\.git\hooks\pre-merge-commit.sample
2020-09-23 17:29:30,376 ERROR __main__ 'NoneType' object has no attribute 'append', filepath=F:\pycharm_projects\DiskScraper\.git\hooks\pre-push.sample
2020-09-23 17:29:30,377 ERROR __main__ 'NoneType' object has no attribute 'append', filepath=F:\pycharm_projects\DiskScraper\.git\hooks\pre-rebase.sample
2020-09-23 17:29:30,378 ERROR __main__ 'NoneType' object has no attribute 'append', filepath=F:\pycharm_projects\DiskScraper\.git\hooks\pre-receive.sample
2020-09-23 17:29:30,380 ERROR __main__ 'NoneType' object has no attribute 'append', filepath=F:\pycharm_projects\DiskScraper\.git\hooks\prepare-commit-msg.sample
2020-09-23 17:29:30,381 ERROR __main__ 'NoneType' object has no attribute 'append', filepath=F:\pycharm_projects\DiskScraper\.git\hooks\update.sample
2020-09-23 17:29:30,383 ERROR __main__ 'NoneType' object has no attribute 'append', filepath=F:\pycharm_projects\DiskScraper\.git\info\exclude
2020-09-23 17:29:30,384 ERROR __main__ 'NoneType' object has no attribute 'append', filepath=F:\pycharm_projects\DiskScraper\.git\logs\HEAD
2020-09-23 17:29:30,386 ERROR __main__ 'NoneType' object has no attribute 'append', filepath=F:\pycharm_projects\DiskScraper\.git\logs\refs\heads\master
2020-09-23 17:29:30,388 ERROR __main__ 'NoneType' object has no attribute 'append', filepath=F:\pycharm_projects\DiskScraper\.git\logs\refs\remotes\origin\HEAD
2020-09-23 17:29:30,390 ERROR __main__ 'NoneType' object has no attribute 'append', filepath=F:\pycharm_projects\DiskScraper\.git\logs\refs\remotes\origin\master
2020-09-23 17:29:30,392 ERROR __main__ 'NoneType' object has no attribute 'append', filepath=F:\pycharm_projects\DiskScraper\.git\objects\02\e5a98b58b02c14c4ffc6205fded04fba11ff75
2020-09-23 17:29:30,394 ERROR __main__ 'NoneType' object has no attribute 'append', filepath=F:\pycharm_projects\DiskScraper\.git\objects\08\9d791e37286d40a19822d4b410d67687dba80c
2020-09-23 17:29:30,397 ERROR __main__ 'NoneType' object has no attribute 'append', filepath=F:\pycharm_projects\DiskScraper\.git\objects\0f\e1656f389d916907d5e3ee7c702ebf55072818
2020-09-23 17:29:30,398 ERROR __main__ 'NoneType' object has no attribute 'append', filepath=F:\pycharm_projects\DiskScraper\.git\objects\10\5ce2da2d6447d11dfe32bfb846c3d5b199fc99
2020-09-23 17:29:30,400 ERROR __main__ 'NoneType' object has no attribute 'append', filepath=F:\pycharm_projects\DiskScraper\.git\objects\26\d33521af10bcc7fd8cea344038eaaeb78d0ef5
2020-09-23 17:29:30,401 ERROR __main__ 'NoneType' object has no attribute 'append', filepath=F:\pycharm_projects\DiskScraper\.git\objects\27\abced0c64b0ecacbdb69ff9f4bb13b1d08d707
2020-09-23 17:29:30,403 ERROR __main__ 'NoneType' object has no attribute 'append', filepath=F:\pycharm_projects\DiskScraper\.git\objects\2f\7d8ba28a6944c51c8bc27a367d622eb4ca9e41
2020-09-23 17:29:30,404 ERROR __main__ 'NoneType' object has no attribute 'append', filepath=F:\pycharm_projects\DiskScraper\.git\objects\33\2e70be57f7e0018d13bf98683f332a73177c39
2020-09-23 17:29:30,405 ERROR __main__ 'NoneType' object has no attribute 'append', filepath=F:\pycharm_projects\DiskScraper\.git\objects\4e\8f26e1ed69a350421ba2a9146b8f356bec7fc6
2020-09-23 17:29:30,407 ERROR __main__ 'NoneType' object has no attribute 'append', filepath=F:\pycharm_projects\DiskScraper\.git\objects\59\61cb242c2c4641915827bf4d083e8c3b9fd89d
2020-09-23 17:29:30,408 ERROR __main__ 'NoneType' object has no attribute 'append', filepath=F:\pycharm_projects\DiskScraper\.git\objects\5b\671b677ba58388aa0373b670b5e28ea3084a45
2020-09-23 17:29:30,410 ERROR __main__ 'NoneType' object has no attribute 'append', filepath=F:\pycharm_projects\DiskScraper\.git\objects\5c\5ea368bcf48765f2b066d46f8a08749d8cf4ed
2020-09-23 17:29:30,413 ERROR __main__ 'NoneType' object has no attribute 'append', filepath=F:\pycharm_projects\DiskScraper\.git\objects\62\c9ab437dd09b0b497c1092ef6d2c6d84127374
2020-09-23 17:29:30,414 ERROR __main__ 'NoneType' object has no attribute 'append', filepath=F:\pycharm_projects\DiskScraper\.git\objects\70\92a23c1f5afe4381955b08097cebd8e68a88d4
2020-09-23 17:29:30,416 ERROR __main__ 'NoneType' object has no attribute 'append', filepath=F:\pycharm_projects\DiskScraper\.git\objects\73\530637cabecf6b9c04b543c65c6b24bfc97b75
2020-09-23 17:29:30,417 ERROR __main__ 'NoneType' object has no attribute 'append', filepath=F:\pycharm_projects\DiskScraper\.git\objects\7a\c0ec7e4db30e8c2b816fea2affdf8be5ee1158
2020-09-23 17:29:30,419 ERROR __main__ 'NoneType' object has no attribute 'append', filepath=F:\pycharm_projects\DiskScraper\.git\objects\8b\8c395472a5a6b3598af42086e590417ace9933
2020-09-23 17:29:30,420 ERROR __main__ 'NoneType' object has no attribute 'append', filepath=F:\pycharm_projects\DiskScraper\.git\objects\92\776d0566c6d161fb2136e5a4327eb287df2e79
2020-09-23 17:29:30,422 ERROR __main__ 'NoneType' object has no attribute 'append', filepath=F:\pycharm_projects\DiskScraper\.git\objects\94\a25f7f4cb416c083d265558da75d457237d671
2020-09-23 17:29:30,423 ERROR __main__ 'NoneType' object has no attribute 'append', filepath=F:\pycharm_projects\DiskScraper\.git\objects\97\824ec9b0149e48c91dce4fee530335b327c686
2020-09-23 17:29:30,425 ERROR __main__ 'NoneType' object has no attribute 'append', filepath=F:\pycharm_projects\DiskScraper\.git\objects\9c\401d8bb3a12ed1e9ff8e5cced92cbb3eb00d9a
2020-09-23 17:29:30,427 ERROR __main__ 'NoneType' object has no attribute 'append', filepath=F:\pycharm_projects\DiskScraper\.git\objects\a9\910d805e0baff6e4e6313934b68775c65e3304
2020-09-23 17:29:30,428 ERROR __main__ 'NoneType' object has no attribute 'append', filepath=F:\pycharm_projects\DiskScraper\.git\objects\ae\ae22dc6380e290ed7f4770f949182f73ba079f
2020-09-23 17:29:30,430 ERROR __main__ 'NoneType' object has no attribute 'append', filepath=F:\pycharm_projects\DiskScraper\.git\objects\c9\cb918660b87aa8478b32f5e06c8896f018821e
2020-09-23 17:29:30,432 ERROR __main__ 'NoneType' object has no attribute 'append', filepath=F:\pycharm_projects\DiskScraper\.git\objects\cf\3306025bb7e83d83288944940491a216e4b26a
2020-09-23 17:29:30,433 ERROR __main__ 'NoneType' object has no attribute 'append', filepath=F:\pycharm_projects\DiskScraper\.git\objects\d1\e22ecb89619a9c2dcf51a28d891a196d2462a0
2020-09-23 17:29:30,435 ERROR __main__ 'NoneType' object has no attribute 'append', filepath=F:\pycharm_projects\DiskScraper\.git\objects\d3\0102c143a60a1ee95902d19db99cd177645624
2020-09-23 17:29:30,437 ERROR __main__ 'NoneType' object has no attribute 'append', filepath=F:\pycharm_projects\DiskScraper\.git\objects\e6\9de29bb2d1d6434b8b29ae775ad8c2e48c5391
2020-09-23 17:29:30,438 ERROR __main__ 'NoneType' object has no attribute 'append', filepath=F:\pycharm_projects\DiskScraper\.git\objects\fa\53170762bed0e2d1b4fa4e4dffc6814d72d589
2020-09-23 17:29:30,440 ERROR __main__ 'NoneType' object has no attribute 'append', filepath=F:\pycharm_projects\DiskScraper\.git\objects\fc\6581fc4e3db07c2fc3377ff596c8cbb40478f6
2020-09-23 17:29:30,442 ERROR __main__ 'NoneType' object has no attribute 'append', filepath=F:\pycharm_projects\DiskScraper\.git\objects\ff\3fa161d230afdf4044ce751590bb5883f1facb
2020-09-23 17:29:30,444 ERROR __main__ 'NoneType' object has no attribute 'append', filepath=F:\pycharm_projects\DiskScraper\.git\objects\pack\pack-d410a5f637062b25b0259e91fe40761a80a7561e.idx
2020-09-23 17:29:30,447 ERROR __main__ 'NoneType' object has no attribute 'append', filepath=F:\pycharm_projects\DiskScraper\.git\objects\pack\pack-d410a5f637062b25b0259e91fe40761a80a7561e.pack
2020-09-23 17:29:30,449 ERROR __main__ 'NoneType' object has no attribute 'append', filepath=F:\pycharm_projects\DiskScraper\.git\refs\heads\master
2020-09-23 17:29:30,450 ERROR __main__ 'NoneType' object has no attribute 'append', filepath=F:\pycharm_projects\DiskScraper\.git\refs\remotes\origin\HEAD
2020-09-23 17:29:30,452 ERROR __main__ 'NoneType' object has no attribute 'append', filepath=F:\pycharm_projects\DiskScraper\.git\refs\remotes\origin\master
2020-09-23 17:29:30,454 ERROR __main__ 'NoneType' object has no attribute 'append', filepath=F:\pycharm_projects\DiskScraper\.idea\.gitignore
2020-09-23 17:29:30,456 ERROR __main__ 'NoneType' object has no attribute 'append', filepath=F:\pycharm_projects\DiskScraper\.idea\DiskScraper.iml
2020-09-23 17:29:30,461 ERROR __main__ 'NoneType' object has no attribute 'append', filepath=F:\pycharm_projects\DiskScraper\.idea\encodings.xml
2020-09-23 17:29:30,463 ERROR __main__ 'NoneType' object has no attribute 'append', filepath=F:\pycharm_projects\DiskScraper\.idea\misc.xml
2020-09-23 17:29:30,464 ERROR __main__ 'NoneType' object has no attribute 'append', filepath=F:\pycharm_projects\DiskScraper\.idea\modules.xml
2020-09-23 17:29:30,465 ERROR __main__ 'NoneType' object has no attribute 'append', filepath=F:\pycharm_projects\DiskScraper\.idea\vcs.xml
2020-09-23 17:29:30,466 ERROR __main__ 'NoneType' object has no attribute 'append', filepath=F:\pycharm_projects\DiskScraper\.idea\workspace.xml
2020-09-23 17:29:30,468 ERROR __main__ 'NoneType' object has no attribute 'append', filepath=F:\pycharm_projects\DiskScraper\.idea\codeStyles\codeStyleConfig.xml
2020-09-23 17:29:30,469 ERROR __main__ 'NoneType' object has no attribute 'append', filepath=F:\pycharm_projects\DiskScraper\.idea\inspectionProfiles\profiles_settings.xml
2020-09-23 17:29:30,471 ERROR __main__ 'NoneType' object has no attribute 'append', filepath=F:\pycharm_projects\DiskScraper\__pycache__\DiskScraper_windows.cpython-38.pyc
